<?xml version="1.0" encoding="UTF-8" ?>
<testsuite errors="1" failures="0" hostname="OMX999Y6KWL" name="com.bos.cache.impl.MRUCacheImplTest" tests="1" time="0.0" timestamp="2009-04-20T21:11:20">
  <properties>
[...]
</properties>
  <error message="com.bos.cache.impl.MRUCacheImplTest" type="java.lang.ClassNotFoundException">java.lang.ClassNotFoundException: com.bos.cache.impl.MRUCacheImplTest
	at java.net.URLClassLoader$1.run(URLClassLoader.java:200)
	at java.security.AccessController.doPrivileged(Native Method)
	at java.net.URLClassLoader.findClass(URLClassLoader.java:188)
	at java.lang.ClassLoader.loadClass(ClassLoader.java:306)
	at sun.misc.Launcher$AppClassLoader.loadClass(Launcher.java:268)
	at java.lang.ClassLoader.loadClass(ClassLoader.java:251)
	at java.lang.ClassLoader.loadClassInternal(ClassLoader.java:319)
	at java.lang.Class.forName0(Native Method)
	at java.lang.Class.forName(Class.java:164)
</error>
  <system-out><![CDATA[]]></system-out>
  <system-err><![CDATA[]]></system-err>
</testsuite>
